2025-01-11T11:21:39.580Z - Connected to MySQL.
2025-01-11T11:21:39.632Z - 
          Device Serial No: IN000NNN2, 7E13A813-4C, 7E13A7F5-2D
          Plant ID: MOHANA-P-1002
          Make: solaredge
          Model: null
          User Name: mohana
          API Key: 58G0DE59GK1XD9AHGBPWDU4SOF06VFM2
          System Date Time: Fri Jan 10 2025 11:46:11 GMT+0530 (India Standard Time)
        
2025-01-11T11:21:39.634Z - 
          Device Serial No: IN000NNN2, 7E13A813-4C, 7E13A7F5-2D
          Plant ID: MOHANA-P-1002
          Make: SolarEdge
          Model: null
          User Name: mohana
          API Key: 58G0DE59GK1XD9AHGBPWDU4SOF06VFM2
          System Date Time: Fri Jan 10 2025 11:46:11 GMT+0530 (India Standard Time)
        
2025-01-11T11:21:39.640Z - 
          Device Serial No: IN000NNN2, 7E13A813-4C, 7E13A7F5-2D
          Plant ID: MOHANA-P-1002
          Make: SolarEdge
          Model: null
          User Name: mohana
          API Key: 58G0DE59GK1XD9AHGBPWDU4SOF06VFM2
          System Date Time: Fri Jan 10 2025 11:45:52 GMT+0530 (India Standard Time)
        
2025-01-11T11:21:39.645Z - 
          Device Serial No: IN000NNN2, 7E13A813-4C, 7E13A7F5-2D
          Plant ID: MOHANA-P-1002
          Make: SolarEdge
          Model: null
          User Name: mohana
          API Key: 58G0DE59GK1XD9AHGBPWDU4SOF06VFM2
          System Date Time: Fri Jan 10 2025 11:46:26 GMT+0530 (India Standard Time)
        
2025-01-11T11:21:39.654Z - 
          Device Serial No: IN000NNN2, 7E13A813-4C, 7E13A7F5-2D
          Plant ID: MOHANA-P-1002
          Make: SolarEdge
          Model: null
          User Name: mohana
          API Key: 58G0DE59GK1XD9AHGBPWDU4SOF06VFM2
          System Date Time: Fri Jan 10 2025 11:46:20 GMT+0530 (India Standard Time)
        
2025-01-11T11:21:39.660Z - 
          Device Serial No: IN000NNN2, 7E13A813-4C, 7E13A7F5-2D
          Plant ID: MOHANA-P-1002
          Make: SolarEdge
          Model: null
          User Name: mohana
          API Key: 58G0DE59GK1XD9AHGBPWDU4SOF06VFM2
          System Date Time: Fri Jan 10 2025 11:46:47 GMT+0530 (India Standard Time)
        
2025-01-11T11:21:39.666Z - 
          Device Serial No: IN000NNN2, 7E13A813-4C, 7E13A7F5-2D
          Plant ID: MOHANA-P-1002
          Make: solaredge
          Model: null
          User Name: mohana
          API Key: 58G0DE59GK1XD9AHGBPWDU4SOF06VFM2
          System Date Time: Fri Jan 10 2025 11:45:52 GMT+0530 (India Standard Time)
        
2025-01-11T11:21:39.674Z - 
          Device Serial No: IN000NNN2, 7E13A813-4C, 7E13A7F5-2D
          Plant ID: MOHANA-P-1002
          Make: solaredge
          Model: null
          User Name: mohana
          API Key: 58G0DE59GK1XD9AHGBPWDU4SOF06VFM2
          System Date Time: Fri Jan 10 2025 11:46:20 GMT+0530 (India Standard Time)
        
2025-01-11T11:21:39.734Z - 
          Device Serial No: IN000NNN2, 7E13A813-4C, 7E13A7F5-2D
          Plant ID: MOHANA-P-1002
          Make: SolarEdge
          Model: null
          User Name: mohana
          API Key: 58G0DE59GK1XD9AHGBPWDU4SOF06VFM2
          System Date Time: Fri Jan 10 2025 11:46:20 GMT+0530 (India Standard Time)
        
2025-01-11T11:21:39.774Z - 
          Device Serial No: IN000NNN2, 7E13A813-4C, 7E13A7F5-2D
          Plant ID: MOHANA-P-1002
          Make: solaredge
          Model: null
          User Name: mohana
          API Key: 58G0DE59GK1XD9AHGBPWDU4SOF06VFM2
          System Date Time: Fri Jan 10 2025 11:46:26 GMT+0530 (India Standard Time)
        
2025-01-11T11:21:39.800Z - 
          Device Serial No: IN000NNN2, 7E13A813-4C, 7E13A7F5-2D
          Plant ID: MOHANA-P-1002
          Make: SolarEdge
          Model: null
          User Name: mohana
          API Key: 58G0DE59GK1XD9AHGBPWDU4SOF06VFM2
          System Date Time: Fri Jan 10 2025 11:45:52 GMT+0530 (India Standard Time)
        
2025-01-11T11:21:39.877Z - 
          Device Serial No: IN000NNN2, 7E13A813-4C, 7E13A7F5-2D
          Plant ID: MOHANA-P-1002
          Make: SolarEdge
          Model: null
          User Name: mohana
          API Key: 58G0DE59GK1XD9AHGBPWDU4SOF06VFM2
          System Date Time: Fri Jan 10 2025 11:46:47 GMT+0530 (India Standard Time)
        
2025-01-11T11:21:39.881Z - 
          Device Serial No: IN000NNN2, 7E13A813-4C, 7E13A7F5-2D
          Plant ID: MOHANA-P-1002
          Make: solaredge
          Model: null
          User Name: mohana
          API Key: 58G0DE59GK1XD9AHGBPWDU4SOF06VFM2
          System Date Time: Fri Jan 10 2025 11:46:46 GMT+0530 (India Standard Time)
        
2025-01-11T11:21:39.884Z - 
          Device Serial No: IN000NNN2, 7E13A813-4C, 7E13A7F5-2D
          Plant ID: MOHANA-P-1002
          Make: SolarEdge
          Model: null
          User Name: mohana
          API Key: 58G0DE59GK1XD9AHGBPWDU4SOF06VFM2
          System Date Time: Fri Jan 10 2025 11:46:11 GMT+0530 (India Standard Time)
        
2025-01-11T11:21:39.887Z - 
          Device Serial No: IN000NNN2, 7E13A813-4C, 7E13A7F5-2D
          Plant ID: MOHANA-P-1002
          Make: SolarEdge
          Model: null
          User Name: mohana
          API Key: 58G0DE59GK1XD9AHGBPWDU4SOF06VFM2
          System Date Time: Fri Jan 10 2025 11:46:26 GMT+0530 (India Standard Time)
        
2025-01-11T11:21:39.910Z - 
          Device Serial No: IN000NNN2, 7E13A813-4C, 7E13A7F5-2D
          Plant ID: RISHEEK-P-1007
          Make: solaredge
          Model: null
          User Name: mohana
          API Key: 58G0DE59GK1XD9AHGBPWDU4SOF06VFM2
          System Date Time: Fri Jan 10 2025 12:18:17 GMT+0530 (India Standard Time)
        
2025-01-11T11:21:39.929Z - 
          Device Serial No: IN000NNN2, 7E13A813-4C, 7E13A7F5-2D
          Plant ID: RISHEEK-P-1007
          Make: SolarEdge
          Model: null
          User Name: mohana
          API Key: 58G0DE59GK1XD9AHGBPWDU4SOF06VFM2
          System Date Time: Fri Jan 10 2025 12:18:17 GMT+0530 (India Standard Time)
        
2025-01-11T11:21:39.933Z - 
          Device Serial No: IN000NNN2, 7E13A813-4C, 7E13A7F5-2D
          Plant ID: RISHEEK-P-1007
          Make: SolarEdge
          Model: null
          User Name: mohana
          API Key: 58G0DE59GK1XD9AHGBPWDU4SOF06VFM2
          System Date Time: Fri Jan 10 2025 12:18:17 GMT+0530 (India Standard Time)
        
2025-01-11T11:21:39.937Z - 
          Device Serial No: IN000NNN2, 7E13A813-4C, 7E13A7F5-2D
          Plant ID: RISHEEK-P-1008
          Make: SolarEdge
          Model: null
          User Name: N/A
          API Key: N/A
          System Date Time: Fri Jan 10 2025 12:19:58 GMT+0530 (India Standard Time)
        
2025-01-11T11:21:39.950Z - 
          Device Serial No: SN-001, SN-002, SN-003
          Plant ID: GREENTEK-P-1001
          Make: Solar
          Model: null
          User Name: N/A
          API Key: N/A
          System Date Time: 0000-00-00 00:00:00
        
2025-01-11T11:21:39.952Z - 
          Device Serial No: VP5469
          Plant ID: plant-010
          Make: Solar man
          Model: null
          User Name: N/A
          API Key: N/A
          System Date Time: Wed Jan 08 2025 05:04:44 GMT+0530 (India Standard Time)
        
2025-01-11T11:21:39.958Z - 
          Device Serial No: IN000NNN2, 7E13A813-4C, 7E13A7F5-2D
          Plant ID: LIFELINK-P-1001
          Make: SolarEdge
          Model: null
          User Name: N/A
          API Key: N/A
          System Date Time: Thu Jan 09 2025 18:53:06 GMT+0530 (India Standard Time)
        
2025-01-11T11:21:39.971Z - 
          Device Serial No: IN000NNN2, 7E13A813-4C, 7E13A7F5-2D
          Plant ID: RISHEEK-P-1006
          Make: solaredge
          Model: null
          User Name: N/A
          API Key: N/A
          System Date Time: Fri Jan 10 2025 11:52:19 GMT+0530 (India Standard Time)
        
2025-01-11T11:21:39.976Z - 
          Device Serial No: IN000NNN2, 7E13A813-4C, 7E13A7F5-2D
          Plant ID: MOHANA-P-1001
          Make: SolarEdge
          Model: null
          User Name: N/A
          API Key: N/A
          System Date Time: Fri Jan 10 2025 11:40:08 GMT+0530 (India Standard Time)
        
2025-01-11T11:21:39.981Z - 
          Device Serial No: SN12345
          Plant ID: plant-006
          Make: Solar
          Model: null
          User Name: N/A
          API Key: N/A
          System Date Time: Wed Jan 08 2025 04:40:27 GMT+0530 (India Standard Time)
        
2025-01-11T11:21:39.984Z - 
          Device Serial No: SN12345
          Plant ID: plant-004
          Make: Solar
          Model: null
          User Name: N/A
          API Key: N/A
          System Date Time: Fri Jan 03 2025 08:33:14 GMT+0530 (India Standard Time)
        
2025-01-11T11:21:39.987Z - 
          Device Serial No: IN000NNN2, 7E13A813-4C, 7E13A7F5-2D
          Plant ID: RISHEEK-P-1005
          Make: solaredge
          Model: null
          User Name: N/A
          API Key: N/A
          System Date Time: Fri Jan 10 2025 11:42:36 GMT+0530 (India Standard Time)
        
2025-01-11T11:21:39.995Z - 
          Device Serial No: IN000NNN2, 7E13A813-4C, 7E13A7F5-2D
          Plant ID: MOHANA-P-1001
          Make: solaredge
          Model: null
          User Name: N/A
          API Key: N/A
          System Date Time: Fri Jan 10 2025 11:40:08 GMT+0530 (India Standard Time)
        
2025-01-11T11:21:39.998Z - 
          Device Serial No: SN-001, SN-002, SN-003
          Plant ID: GREENTEK-P-1001
          Make: Solar
          Model: null
          User Name: N/A
          API Key: N/A
          System Date Time: Thu Jan 02 2025 07:15:26 GMT+0530 (India Standard Time)
        
2025-01-11T11:21:40.000Z - 
          Device Serial No: IN000NNN2, 7E13A813-4C, 7E13A7F5-2D
          Plant ID: RISHEEK-P-1008
          Make: solaredge
          Model: null
          User Name: N/A
          API Key: N/A
          System Date Time: Fri Jan 10 2025 12:19:58 GMT+0530 (India Standard Time)
        
2025-01-11T11:21:40.002Z - 
          Device Serial No: IN000NNN2, 7E13A813-4C, 7E13A7F5-2D
          Plant ID: RISHEEK-P-1006
          Make: SolarEdge
          Model: null
          User Name: N/A
          API Key: N/A
          System Date Time: Fri Jan 10 2025 11:52:19 GMT+0530 (India Standard Time)
        
2025-01-11T11:21:40.008Z - 
          Device Serial No: IN000NNN2, 7E13A813-4C, 7E13A7F5-2D
          Plant ID: RISHEEK-P-1008
          Make: SolarEdge
          Model: null
          User Name: N/A
          API Key: N/A
          System Date Time: Fri Jan 10 2025 12:19:58 GMT+0530 (India Standard Time)
        
2025-01-11T11:21:40.013Z - 
          Device Serial No: IN000NNN2, 7E13A813-4C, 7E13A7F5-2D
          Plant ID: LIFELINK-P-1001
          Make: SolarEdge
          Model: null
          User Name: N/A
          API Key: N/A
          System Date Time: Thu Jan 09 2025 18:53:06 GMT+0530 (India Standard Time)
        
2025-01-11T11:21:40.016Z - 
          Device Serial No: IN000NNN2, 7E13A813-4C, 7E13A7F5-2D
          Plant ID: SHASHIDHAR-P-1012
          Make: SolarEdge
          Model: null
          User Name: N/A
          API Key: N/A
          System Date Time: Thu Jan 09 2025 15:57:44 GMT+0530 (India Standard Time)
        
2025-01-11T11:21:40.018Z - 
          Device Serial No: IN000NNN2, 7E13A813-4C, 7E13A7F5-2D
          Plant ID: LIFELINK-P-1001
          Make: solaredge
          Model: null
          User Name: N/A
          API Key: N/A
          System Date Time: Thu Jan 09 2025 18:53:06 GMT+0530 (India Standard Time)
        
2025-01-11T11:21:40.023Z - 
          Device Serial No: SN6789
          Plant ID: plant-007
          Make: Solar edge
          Model: null
          User Name: N/A
          API Key: N/A
          System Date Time: Wed Jan 08 2025 04:41:46 GMT+0530 (India Standard Time)
        
2025-01-11T11:21:40.027Z - 
          Device Serial No: IN000NNN2, 7E13A813-4C, 7E13A7F5-2D
          Plant ID: SHASHIDHAR-P-1012
          Make: SolarEdge
          Model: null
          User Name: N/A
          API Key: N/A
          System Date Time: Thu Jan 09 2025 15:57:44 GMT+0530 (India Standard Time)
        
2025-01-11T11:21:40.032Z - 
          Device Serial No: SN12345
          Plant ID: plant-006
          Make: Solar
          Model: null
          User Name: N/A
          API Key: N/A
          System Date Time: Fri Jan 03 2025 08:56:04 GMT+0530 (India Standard Time)
        
2025-01-11T11:21:40.035Z - 
          Device Serial No: SN-12345
          Plant ID: GREENTEK-P-1001
          Make: Solar
          Model: null
          User Name: N/A
          API Key: N/A
          System Date Time: Thu Jan 02 2025 06:35:08 GMT+0530 (India Standard Time)
        
2025-01-11T11:21:40.041Z - 
          Device Serial No: SN12345
          Plant ID: plant-006
          Make: Solar
          Model: null
          User Name: N/A
          API Key: N/A
          System Date Time: Wed Jan 08 2025 04:37:52 GMT+0530 (India Standard Time)
        
2025-01-11T11:21:40.047Z - 
          Device Serial No: IN000NNN2, 7E13A813-4C, 7E13A7F5-2D
          Plant ID: SHASHIDHAR-P-1012
          Make: solaredge
          Model: null
          User Name: N/A
          API Key: N/A
          System Date Time: Thu Jan 09 2025 15:57:44 GMT+0530 (India Standard Time)
        
2025-01-11T11:21:40.049Z - 
          Device Serial No: IN000NNN2, 7E13A813-4C, 7E13A7F5-2D
          Plant ID: RISHEEK-P-1005
          Make: SolarEdge
          Model: null
          User Name: N/A
          API Key: N/A
          System Date Time: Fri Jan 10 2025 11:42:36 GMT+0530 (India Standard Time)
        
2025-01-11T11:21:40.052Z - 
          Device Serial No: IN000NNN2, 7E13A813-4C, 7E13A7F5-2D
          Plant ID: RISHEEK-P-1005
          Make: SolarEdge
          Model: null
          User Name: N/A
          API Key: N/A
          System Date Time: Fri Jan 10 2025 11:42:36 GMT+0530 (India Standard Time)
        
2025-01-11T11:21:40.059Z - 
          Device Serial No: IN000NNN2, 7E13A813-4C, 7E13A7F5-2D
          Plant ID: RISHEEK-P-1006
          Make: SolarEdge
          Model: null
          User Name: N/A
          API Key: N/A
          System Date Time: Fri Jan 10 2025 11:52:19 GMT+0530 (India Standard Time)
        
2025-01-11T11:21:40.064Z - 
          Device Serial No: VP5469
          Plant ID: plant-010
          Make: Solar man
          Model: null
          User Name: N/A
          API Key: N/A
          System Date Time: Thu Jan 09 2025 15:52:25 GMT+0530 (India Standard Time)
        
2025-01-11T11:21:40.066Z - 
          Device Serial No: IN000NNN2, 7E13A813-4C, 7E13A7F5-2D
          Plant ID: MOHANA-P-1001
          Make: SolarEdge
          Model: null
          User Name: N/A
          API Key: N/A
          System Date Time: Fri Jan 10 2025 11:40:09 GMT+0530 (India Standard Time)
        
2025-01-11T11:21:40.091Z - MySQL connection closed.
