2025-01-12T17:27:04.219Z	L1	Mon1	Database	SUCCESS	Connected to MySQL.
2025-01-12T17:27:04.431Z	L1	Mon1	Database	SUCCESS	Connected to MongoDB.
2025-01-12T17:27:04.506Z	L2	Mon1	InsertData	SUCCESS	Document inserted into MongoDB: {"device_id":"81d3844d-1800-4345-b589-0adf15fd8631","master_device_id":null,"device_type_id":"Data Logger","metadata_id":null,"make":"solaredge","model":"2081598","plant_id":"MOHANA-P-1004","serial_number":"IN000NNN2, 7E13A813-4C, 7E13A7F5-2D","system_date_time":"2025-01-12T06:59:20.000Z","create_date":"2025-01-12T06:59:20.000Z","_id":"6783fb6823ec8f26eb90c813"}
2025-01-12T17:27:04.535Z	L2	Mon1	InsertData	SUCCESS	Document inserted into MongoDB: {"device_id":"e8655017-2233-4526-9187-5af79eac6004","master_device_id":null,"device_type_id":"Data Logger","metadata_id":null,"make":"solaredge","model":"2081598","plant_id":"MOHANA-P-1003","serial_number":"IN000NNN2, 7E13A813-4C, 7E13A7F5-2D","system_date_time":"2025-01-12T06:55:51.000Z","create_date":"2025-01-12T06:55:51.000Z","_id":"6783fb6823ec8f26eb90c814"}
2025-01-12T17:27:04.564Z	L2	Mon1	InsertData	SUCCESS	Document inserted into MongoDB: {"device_id":"396699e6-5ad1-4b3f-9348-be1f97d16a52","master_device_id":null,"device_type_id":"Inverter","metadata_id":null,"make":"SolarEdge","model":"2081598","plant_id":"RISHEEK-P-1005","serial_number":"7E13A813-4C","system_date_time":"2025-01-10T06:12:36.000Z","create_date":"2025-01-10T06:12:36.000Z","_id":"6783fb6823ec8f26eb90c815"}
2025-01-12T17:27:04.566Z	L1	Mon1	Initialize	SUCCESS	Max create_date  initialized to: 2025-01-12T06:59:20.000Z
2025-01-12T17:30:00.442Z	L1	Mon1	Scheduler	INFO	Starting fetch and insert operation.
2025-01-12T17:30:00.467Z	L1	Mon1	FetchInsert	INFO	No new records found.
2025-01-13T04:52:46.323Z	L1	Mon1	Database	SUCCESS	Connected to MySQL.
2025-01-13T04:52:46.508Z	L1	Mon1	Database	SUCCESS	Connected to MongoDB.
2025-01-13T04:52:46.580Z	L2	Mon1	InsertData	SUCCESS	Document inserted into MongoDB: {"device_id":"81d3844d-1800-4345-b589-0adf15fd8631","master_device_id":null,"device_type_id":"Data Logger","metadata_id":null,"make":"solaredge","model":"2081598","plant_id":"MOHANA-P-1004","serial_number":"IN000NNN2, 7E13A813-4C, 7E13A7F5-2D","system_date_time":"2025-01-12T06:59:20.000Z","create_date":"2025-01-12T06:59:20.000Z","_id":"67849c1e43ac178c4c2abb32"}
2025-01-13T04:52:46.612Z	L2	Mon1	InsertData	SUCCESS	Document inserted into MongoDB: {"device_id":"e8655017-2233-4526-9187-5af79eac6004","master_device_id":null,"device_type_id":"Data Logger","metadata_id":null,"make":"solaredge","model":"2081598","plant_id":"MOHANA-P-1003","serial_number":"IN000NNN2, 7E13A813-4C, 7E13A7F5-2D","system_date_time":"2025-01-12T06:55:51.000Z","create_date":"2025-01-12T06:55:51.000Z","_id":"67849c1e43ac178c4c2abb33"}
2025-01-13T04:52:46.651Z	L2	Mon1	InsertData	SUCCESS	Document inserted into MongoDB: {"device_id":"396699e6-5ad1-4b3f-9348-be1f97d16a52","master_device_id":null,"device_type_id":"Inverter","metadata_id":null,"make":"SolarEdge","model":"2081598","plant_id":"RISHEEK-P-1005","serial_number":"7E13A813-4C","system_date_time":"2025-01-10T06:12:36.000Z","create_date":"2025-01-10T06:12:36.000Z","_id":"67849c1e43ac178c4c2abb34"}
2025-01-13T04:52:46.652Z	L1	Mon1	Initialize	SUCCESS	Max create_date  initialized to: 2025-01-12T06:59:20.000Z
2025-01-13T04:54:00.098Z	L1	Mon1	Scheduler	INFO	Starting fetch and insert operation.
2025-01-13T04:54:00.248Z	L1	Mon1	FetchInsert	INFO	No new records found.
2025-01-13T04:55:36.344Z	L1	Mon1	Database	SUCCESS	Connected to MySQL.
2025-01-13T04:55:36.621Z	L1	Mon1	Database	SUCCESS	Connected to MongoDB.
2025-01-13T04:55:36.656Z	L2	Mon1	Initialize	FAILED	Error during initialization: plant is not defined
2025-01-13T04:56:54.266Z	L1	Mon1	Database	SUCCESS	Connected to MySQL.
2025-01-13T04:56:54.560Z	L1	Mon1	Database	SUCCESS	Connected to MongoDB.
2025-01-13T04:56:54.588Z	L2	Mon1	Initialize	FAILED	Error during initialization: plant is not defined
2025-01-13T04:57:28.883Z	L1	Mon1	Database	SUCCESS	Connected to MySQL.
2025-01-13T04:57:29.116Z	L1	Mon1	Database	SUCCESS	Connected to MongoDB.
2025-01-13T04:57:29.144Z	L2	Mon1	Initialize	FAILED	Error during initialization: plant is not defined
2025-01-13T05:06:57.137Z	L1	Mon1	Database	SUCCESS	Connected to MySQL.
2025-01-13T05:06:57.326Z	L1	Mon1	Database	SUCCESS	Connected to MongoDB.
2025-01-13T05:06:57.475Z	L2	Mon1	InsertData	SUCCESS	Document inserted into MongoDB: {"device_id":"81d3844d-1800-4345-b589-0adf15fd8631","master_device_id":null,"device_type_id":"Data Logger","metadata_id":null,"make":"solaredge","model":"2081598","plant_id":"MOHANA-P-1004","serial_number":"IN000NNN2, 7E13A813-4C, 7E13A7F5-2D","system_date_time":"2025-01-12T06:59:20.000Z","plant_name":"Pruthvi","latitude":15.1334,"longitude":78.6805,"plant_category":"Hybrid","capacity":1000,"capacity_unit":"Kwp","country":"India","region":"South","state":"Andhra Pradesh","district":"Kurnool","category":"Hybrid","type":"factory and commercial","api_url":"https://monitoringapi.solaredge.com/equipment/","api_key":"58G0DE59GK1XD9AHGBPWDU4SOF06VFM2","api_token":"dummy_token_1004","username":"user_mohana_1004","password":"password_1004","headers":"{\"Content-Type\": \"application/json\"}","_id":"67849f71a2a397b6d4e8a24a"}
2025-01-13T05:06:57.509Z	L2	Mon1	InsertData	SUCCESS	Document inserted into MongoDB: {"device_id":"e8655017-2233-4526-9187-5af79eac6004","master_device_id":null,"device_type_id":"Data Logger","metadata_id":null,"make":"solaredge","model":"2081598","plant_id":"MOHANA-P-1003","serial_number":"IN000NNN2, 7E13A813-4C, 7E13A7F5-2D","system_date_time":"2025-01-12T06:55:51.000Z","plant_name":"sanjay","latitude":14.5302,"longitude":75.7452,"plant_category":"Hybrid","capacity":100,"capacity_unit":"Kwp","country":"India","region":"South","state":"Karnataka","district":"Haveri","category":"Hybrid","type":"individual","api_url":"https://monitoringapi.solaredge.com/equipment/","api_key":"58G0DE59GK1XD9AHGBPWDU4SOF06VFM2","api_token":"dummy_token_1003","username":"user_mohana_1003","password":"password_1003","headers":"{\"Content-Type\": \"application/json\"}","_id":"67849f71a2a397b6d4e8a24b"}
2025-01-13T05:06:57.545Z	L2	Mon1	InsertData	SUCCESS	Document inserted into MongoDB: {"device_id":"396699e6-5ad1-4b3f-9348-be1f97d16a52","master_device_id":null,"device_type_id":"Inverter","metadata_id":null,"make":"SolarEdge","model":"2081598","plant_id":"RISHEEK-P-1005","serial_number":"7E13A813-4C","system_date_time":"2025-01-10T06:12:36.000Z","plant_name":"Update PLant ","latitude":14.3727,"longitude":76.8301,"plant_category":"PV+Grid","capacity":23,"capacity_unit":"Kwp","country":"India","region":"South","state":"Karnataka","district":"Chitradurga","category":"PV+Grid","type":"factory and commercial","api_url":"https://monitoringapi.solaredge.com/equipment/","api_key":"58G0DE59GK1XD9AHGBPWDU4SOF06VFM2","api_token":"dummy_token_1005","username":"user_risheek_1005","password":"password_1005","headers":"{\"Content-Type\": \"application/json\"}","_id":"67849f71a2a397b6d4e8a24c"}
2025-01-13T05:06:57.546Z	L1	Mon1	Initialize	SUCCESS	Max create_date initialized to: 2025-01-12T06:59:20.000Z
2025-01-13T05:09:00.127Z	L1	Mon1	Scheduler	INFO	Starting fetch and insert operation.
2025-01-13T05:09:00.159Z	L1	Mon1	FetchInsert	INFO	No new records found.
2025-01-13T05:12:00.947Z	L1	Mon1	Scheduler	INFO	Starting fetch and insert operation.
2025-01-13T05:12:00.972Z	L1	Mon1	FetchInsert	INFO	No new records found.
2025-01-13T05:15:00.029Z	L1	Mon1	Scheduler	INFO	Starting fetch and insert operation.
2025-01-13T05:15:00.056Z	L1	Mon1	FetchInsert	INFO	No new records found.
