2024-08-20T05:30:21.421Z	UserService	Login	Failure	Error fetching user roles:
2024-08-20T05:32:09.854Z	UserService	Login	Failure	Error fetching user roles:
2024-08-20T05:32:37.723Z	UserService	Login	Failure	Error fetching user roles:
2024-08-20T05:33:04.489Z	UserService	Login	Failure	Error fetching user roles:
2024-10-24T14:32:23.612Z	UserService	Login	Failure	Error fetching user roles:
2024-10-24T14:34:12.322Z	UserService	ChangePassword	Failure	Database update error: Error: ER_NO_SUCH_TABLE: Table 'u141865929_solis_dev.UserMaster' doesn't exist
2024-10-24T14:34:33.252Z	UserService	GetProfile	Failure	Database query error: Error: ER_NO_SUCH_TABLE: Table 'u141865929_solis_dev.UserMaster' doesn't exist
2024-10-24T14:34:46.478Z	UserService	GetProfile	Failure	Database query error: Error: ER_NO_SUCH_TABLE: Table 'u141865929_solis_dev.UserMaster' doesn't exist
2024-10-24T15:09:10.218Z	UserService	Login	Failure	Error fetching user roles:
2024-10-25T03:56:56.829Z	UserService	Login	Failure	Database query error:
2024-10-25T04:06:29.164Z	UserService	Login	Failure	Database query error:
2024-10-25T04:09:17.097Z	UserService	Login	Failure	Database query error:
2024-10-25T04:10:08.147Z	UserService	Login	Failure	Database query error:
2024-10-25T04:16:55.452Z	UserService	Login	Failure	Error fetching user roles
2024-10-25T04:22:16.804Z	UserService	Login	Failure	Error fetching user roles
2024-10-25T04:25:19.635Z	UserService	Login	Failure	Internal server error
2024-10-25T04:25:38.864Z	UserService	Login	Success	User sumanthkumar@antsai.in logged in successfully.
2024-10-25T05:41:29.333Z	UserService	Login	Failure	No user found with that email
2024-10-25T05:43:37.642Z	UserService	Login	Failure	No user found with that email
2024-10-25T06:02:31.862Z	UserService	Login	Failure	No user found with that email
2024-10-25T06:02:59.170Z	UserService	Login	Failure	Incorrect password
2024-10-25T06:03:17.404Z	UserService	Login	Success	User itsvishnups@gmail.com logged in successfully.
2024-10-25T06:12:56.230Z	UserService	Login	Failure	Incorrect password
2024-10-25T06:13:10.535Z	UserService	Login	Success	User itsvishnups@gmail.com logged in successfully.
<<<<<<< HEAD
2024-10-25T06:42:19.834Z	UserService	Login	Success	User itsvishnups@gmail.com logged in successfully.
2024-10-25T08:36:34.523Z	UserService	Login	Success	User itsvishnups@gmail.com logged in successfully.
=======
2024-10-25T06:29:28.183Z	UserService	Login	Failure	Incorrect password
2024-10-25T06:29:34.249Z	UserService	Login	Failure	Incorrect password
2024-10-25T06:29:48.372Z	UserService	Login	Failure	Incorrect password
2024-10-25T06:29:53.143Z	UserService	Login	Failure	Incorrect password
2024-10-25T06:29:59.493Z	UserService	Login	Failure	Incorrect password
2024-10-25T06:31:49.091Z	UserService	Login	Failure	Incorrect password
2024-10-25T06:44:29.296Z	UserService	Login	Failure	Email and password required
2024-10-25T06:45:09.358Z	UserService	Login	Success	User itsvishnups@gmail.com logged in successfully.
2024-10-25T06:55:26.297Z	UserService	Login	Failure	Incorrect password
2024-10-25T06:56:22.781Z	UserService	Login	Success	User itsvishnups@gmail.com logged in successfully.
2024-10-25T08:09:22.346Z	UserService	Login	Failure	Incorrect password
2024-10-25T08:09:37.258Z	UserService	Login	Failure	No user found with that email
2024-10-25T08:09:49.283Z	UserService	Login	Failure	No user found with that email
2024-10-25T08:09:58.196Z	UserService	Login	Success	User shashidharnalavadi761@gmail.com logged in successfully.
2024-10-25T09:28:52.951Z	UserService	Login	Success	User sumanth.k.0202@gmail.com logged in successfully.
>>>>>>> 37586aa (Committing local changes before merge)
