2024-04-06T00:27:38.225Z	Mon6	database	success	Connected to MongoDB.
2024-04-06T00:27:38.438Z	Mon6	ActiveMQ	subscribe	Subscribed to /response topic and waiting for messages...
2024-04-06T00:29:08.551Z	Mon6	database	success	Connected to MongoDB.
2024-04-06T00:29:08.854Z	Mon6	ActiveMQ	subscribe	Subscribed to /response topic and waiting for messages...
2024-04-06T00:33:31.871Z	Mon6	database	success	Received message:
2024-04-06T00:33:31.900Z	Mon6	database	success	Received message:
2024-04-06T00:33:31.926Z	Mon6	database	success	Inserted document with _id: 6610985bb101eb376016c62b
2024-04-06T00:33:32.082Z	Mon6	shutdown	success	Processed a message and exiting.
2024-04-06T00:33:45.542Z	Mon6	database	success	Connected to MongoDB.
2024-04-06T00:33:45.755Z	Mon6	ActiveMQ	subscribe	Subscribed to /response topic and waiting for messages...
2024-04-06T00:33:45.827Z	Mon6	database	success	Received message:
2024-04-06T00:33:45.910Z	Mon6	database	success	Inserted document with _id: 66109869c70daa4e3dc29e94
2024-04-06T00:33:45.985Z	Mon6	shutdown	success	Processed a message and exiting.
2024-04-14T09:27:23.177Z	Mon6	database	success	Field Mapping Document:
2024-04-14T09:27:23.553Z	Mon6	database	success	Inserted document with _id: 661ba17b12d0f471c5a419fc
2024-04-14T09:30:21.160Z	Mon6	database	success	Field Mapping Document:
2024-04-14T09:30:21.567Z	Mon6	database	success	Inserted document with _id: 661ba22d8818d19b9f7bef14
2024-04-14T09:33:44.848Z	Mon6	database	success	Field Mapping Document:
2024-04-14T09:33:45.199Z	Mon6	database	success	Inserted document with _id: 661ba2f9ad3b7f44a9302c73
2024-04-14T09:39:31.748Z	Mon6	database	success	Field Mapping Document:
2024-04-14T09:39:32.025Z	Mon6	database	success	Inserted document with _id: 661ba453649cc46ba1db16d5
2024-04-14T09:40:30.505Z	Mon6	database	success	Field Mapping Document:
2024-04-14T09:40:31.198Z	Mon6	database	success	Inserted document with _id: 661ba48f1b3e8e06d7ff7ccf
2024-04-14T13:10:21.790Z	Mon6	database	success	Field Mapping Document:
2024-04-14T13:10:22.578Z	Mon6	database	success	Inserted document with _id: 661bd5be9a2ad5cd0b0c5400
2024-04-14T13:18:22.662Z	Mon6	database	success	Field Mapping Document:
2024-04-14T13:18:23.188Z	Mon6	database	success	Inserted document with _id: 661bd79fe4d2136d4137aba5
2024-04-14T17:56:22.786Z	Mon6	database	success	Field Mapping Document:
2024-04-14T17:56:23.177Z	Mon6	database	success	Inserted document with _id: 661c18c781d97f92b9bb3072
2024-04-16T11:49:37.173Z	Mon6	database	success	Field Mapping Document:
2024-04-16T11:49:37.924Z	Mon6	database	success	Inserted document with _id: 661e65d10bbd0bf1e5605eee
