2025-01-13T18:54:10.050Z	L2	Mon4	read	success	Received message: {
  "deviceMake": "solaredge",
  "metadata": {
    "DeviceUUID": "4d794b03-88a9-439b-8f9d-91abb525b747",
    "DeviceMake": "SolarEdge",
    "plant_id": "MOHANA-P-1012",
    "plant_name": "Yogi",
    "latitude": 13.1511,
    "longitude": 77.666,
    "capacity": 199,
    "capacity_unit": "Kwp",
    "plant_category": "Hybrid",
    "make": "SolarEdge",
    "model": "2081598",
    "serial_number": "IN000NNN2",
    "system_date_time": "2025-01-13T13:00:51.000Z",
    "api_url": "https://monitoringapi.solaredge.com/equipment/",
    "api_key": "58G0DE59GK1XD9AHGBPWDU4SOF06VFM2"
  },
  "responseData": {
    "String": "Cannot find given serial"
  }
}
2025-01-13T18:54:10.051Z	L2	Mon4	database	error	Error processing message: Cannot read properties of undefined (reading 'telemetries')
2025-01-13T18:54:10.097Z	L2	Mon4	read	success	Received message: {
  "deviceMake": "solaredge",
  "metadata": {
    "DeviceUUID": "4d794b03-88a9-439b-8f9d-91abb525b747",
    "DeviceMake": "SolarEdge",
    "plant_id": "MOHANA-P-1012",
    "plant_name": "Yogi",
    "latitude": 13.1511,
    "longitude": 77.666,
    "capacity": 199,
    "capacity_unit": "Kwp",
    "plant_category": "Hybrid",
    "make": "SolarEdge",
    "model": "2081598",
    "serial_number": "7E13A813-4C",
    "system_date_time": "2025-01-13T13:00:51.000Z",
    "api_url": "https://monitoringapi.solaredge.com/equipment/",
    "api_key": "58G0DE59GK1XD9AHGBPWDU4SOF06VFM2"
  },
  "responseData": {
    "data": {
      "count": 0,
      "telemetries": []
    }
  }
}
2025-01-13T18:54:10.150Z	L2	Mon4	database	success	Inserted document with _id: 67856152aa9770499ee3ac15
2025-01-13T18:54:10.356Z	L2	Mon4	read	success	Received message: {
  "deviceMake": "solaredge",
  "metadata": {
    "DeviceUUID": "5c035a29-c7bd-4c41-a321-f5fe0e071227",
    "DeviceMake": "SolarEdge",
    "plant_id": "LIFELINK-P-1008",
    "plant_name": null,
    "latitude": null,
    "longitude": null,
    "capacity": null,
    "capacity_unit": null,
    "plant_category": null,
    "make": "SolarEdge",
    "model": "2081598",
    "serial_number": "IN000NNN2",
    "system_date_time": "2025-01-13T12:13:51.000Z",
    "api_url": "https://monitoringapi.solaredge.com/equipment/",
    "api_key": "58G0DE59GK1XD9AHGBPWDU4SOF06VFM2"
  },
  "responseData": {
    "String": "Cannot find given serial"
  }
}
2025-01-13T18:54:10.357Z	L2	Mon4	database	error	Error processing message: Cannot read properties of undefined (reading 'telemetries')
2025-01-13T18:54:10.382Z	L2	Mon4	read	success	Received message: {
  "deviceMake": "solaredge",
  "metadata": {
    "DeviceUUID": "4d794b03-88a9-439b-8f9d-91abb525b747",
    "DeviceMake": "SolarEdge",
    "plant_id": "MOHANA-P-1012",
    "plant_name": "Yogi",
    "latitude": 13.1511,
    "longitude": 77.666,
    "capacity": 199,
    "capacity_unit": "Kwp",
    "plant_category": "Hybrid",
    "make": "SolarEdge",
    "model": "2081598",
    "serial_number": "7E13A7F5-2D",
    "system_date_time": "2025-01-13T13:00:51.000Z",
    "api_url": "https://monitoringapi.solaredge.com/equipment/",
    "api_key": "58G0DE59GK1XD9AHGBPWDU4SOF06VFM2"
  },
  "responseData": {
    "data": {
      "count": 0,
      "telemetries": []
    }
  }
}
2025-01-13T18:54:10.421Z	L2	Mon4	database	success	Inserted document with _id: 67856152aa9770499ee3ac16
2025-01-13T18:54:10.610Z	L2	Mon4	read	success	Received message: {
  "deviceMake": "solaredge",
  "metadata": {
    "DeviceUUID": "5c035a29-c7bd-4c41-a321-f5fe0e071227",
    "DeviceMake": "SolarEdge",
    "plant_id": "LIFELINK-P-1008",
    "plant_name": null,
    "latitude": null,
    "longitude": null,
    "capacity": null,
    "capacity_unit": null,
    "plant_category": null,
    "make": "SolarEdge",
    "model": "2081598",
    "serial_number": "7E13A813-4C",
    "system_date_time": "2025-01-13T12:13:51.000Z",
    "api_url": "https://monitoringapi.solaredge.com/equipment/",
    "api_key": "58G0DE59GK1XD9AHGBPWDU4SOF06VFM2"
  },
  "responseData": {
    "data": {
      "count": 0,
      "telemetries": []
    }
  }
}
2025-01-13T18:54:10.651Z	L2	Mon4	database	success	Inserted document with _id: 67856152aa9770499ee3ac17
2025-01-13T18:54:10.889Z	L2	Mon4	read	success	Received message: {
  "deviceMake": "solaredge",
  "metadata": {
    "DeviceUUID": "5c035a29-c7bd-4c41-a321-f5fe0e071227",
    "DeviceMake": "SolarEdge",
    "plant_id": "LIFELINK-P-1008",
    "plant_name": null,
    "latitude": null,
    "longitude": null,
    "capacity": null,
    "capacity_unit": null,
    "plant_category": null,
    "make": "SolarEdge",
    "model": "2081598",
    "serial_number": "7E13A7F5-2D",
    "system_date_time": "2025-01-13T12:13:51.000Z",
    "api_url": "https://monitoringapi.solaredge.com/equipment/",
    "api_key": "58G0DE59GK1XD9AHGBPWDU4SOF06VFM2"
  },
  "responseData": {
    "data": {
      "count": 0,
      "telemetries": []
    }
  }
}
2025-01-13T18:54:10.917Z	L2	Mon4	database	success	Inserted document with _id: 67856152aa9770499ee3ac18
2025-01-13T18:54:11.173Z	L2	Mon4	read	success	Received message: {
  "deviceMake": "solaredge",
  "metadata": {
    "DeviceUUID": "1575d2f6-9d70-450c-b2f3-fc8d54777b57",
    "DeviceMake": "SolarEdge",
    "plant_id": "LIFELINK-P-1007",
    "plant_name": null,
    "latitude": null,
    "longitude": null,
    "capacity": null,
    "capacity_unit": null,
    "plant_category": null,
    "make": "SolarEdge",
    "model": "2081598",
    "serial_number": "IN000NNN2",
    "system_date_time": "2025-01-13T09:36:12.000Z",
    "api_url": "https://monitoringapi.solaredge.com/equipment/",
    "api_key": "58G0DE59GK1XD9AHGBPWDU4SOF06VFM2"
  },
  "responseData": {
    "String": "Cannot find given serial"
  }
}
2025-01-13T18:54:11.174Z	L2	Mon4	database	error	Error processing message: Cannot read properties of undefined (reading 'telemetries')
2025-01-13T18:54:11.445Z	L2	Mon4	read	success	Received message: {
  "deviceMake": "solaredge",
  "metadata": {
    "DeviceUUID": "1575d2f6-9d70-450c-b2f3-fc8d54777b57",
    "DeviceMake": "SolarEdge",
    "plant_id": "LIFELINK-P-1007",
    "plant_name": null,
    "latitude": null,
    "longitude": null,
    "capacity": null,
    "capacity_unit": null,
    "plant_category": null,
    "make": "SolarEdge",
    "model": "2081598",
    "serial_number": "7E13A813-4C",
    "system_date_time": "2025-01-13T09:36:12.000Z",
    "api_url": "https://monitoringapi.solaredge.com/equipment/",
    "api_key": "58G0DE59GK1XD9AHGBPWDU4SOF06VFM2"
  },
  "responseData": {
    "data": {
      "count": 0,
      "telemetries": []
    }
  }
}
2025-01-13T18:54:11.474Z	L2	Mon4	database	success	Inserted document with _id: 67856153aa9770499ee3ac19
2025-01-13T18:54:11.686Z	L2	Mon4	read	success	Received message: {
  "deviceMake": "solaredge",
  "metadata": {
    "DeviceUUID": "1575d2f6-9d70-450c-b2f3-fc8d54777b57",
    "DeviceMake": "SolarEdge",
    "plant_id": "LIFELINK-P-1007",
    "plant_name": null,
    "latitude": null,
    "longitude": null,
    "capacity": null,
    "capacity_unit": null,
    "plant_category": null,
    "make": "SolarEdge",
    "model": "2081598",
    "serial_number": "7E13A7F5-2D",
    "system_date_time": "2025-01-13T09:36:12.000Z",
    "api_url": "https://monitoringapi.solaredge.com/equipment/",
    "api_key": "58G0DE59GK1XD9AHGBPWDU4SOF06VFM2"
  },
  "responseData": {
    "data": {
      "count": 0,
      "telemetries": []
    }
  }
}
2025-01-13T18:54:11.717Z	L2	Mon4	database	success	Inserted document with _id: 67856153aa9770499ee3ac1a
2025-01-13T18:54:11.975Z	L2	Mon4	read	success	Received message: {
  "deviceMake": "solaredge",
  "metadata": {
    "DeviceUUID": "6c3bf16c-880a-4d4f-8077-fe1a93946d5a",
    "DeviceMake": "solaredge",
    "plant_id": "LIFELINK-P-1009",
    "plant_name": "My Plant26",
    "latitude": 15.3417,
    "longitude": 75.184,
    "capacity": 23,
    "capacity_unit": "Kwp",
    "plant_category": "Hybrid",
    "make": "solaredge",
    "model": "2081598",
    "serial_number": "IN000NNN2",
    "system_date_time": "2025-01-13T12:33:02.000Z",
    "api_url": "https://monitoringapi.solaredge.com/equipment/",
    "api_key": "58G0DE59GK1XD9AHGBPWDU4SOF06VFM2"
  },
  "responseData": {
    "String": "Cannot find given serial"
  }
}
2025-01-13T18:54:11.976Z	L2	Mon4	database	error	Error processing message: Cannot read properties of undefined (reading 'telemetries')
2025-01-13T18:54:12.228Z	L2	Mon4	read	success	Received message: {
  "deviceMake": "solaredge",
  "metadata": {
    "DeviceUUID": "6c3bf16c-880a-4d4f-8077-fe1a93946d5a",
    "DeviceMake": "solaredge",
    "plant_id": "LIFELINK-P-1009",
    "plant_name": "My Plant26",
    "latitude": 15.3417,
    "longitude": 75.184,
    "capacity": 23,
    "capacity_unit": "Kwp",
    "plant_category": "Hybrid",
    "make": "solaredge",
    "model": "2081598",
    "serial_number": "7E13A813-4C",
    "system_date_time": "2025-01-13T12:33:02.000Z",
    "api_url": "https://monitoringapi.solaredge.com/equipment/",
    "api_key": "58G0DE59GK1XD9AHGBPWDU4SOF06VFM2"
  },
  "responseData": {
    "data": {
      "count": 0,
      "telemetries": []
    }
  }
}
2025-01-13T18:54:12.257Z	L2	Mon4	database	success	Inserted document with _id: 67856154aa9770499ee3ac1b
2025-01-13T18:54:12.473Z	L2	Mon4	read	success	Received message: {
  "deviceMake": "solaredge",
  "metadata": {
    "DeviceUUID": "6c3bf16c-880a-4d4f-8077-fe1a93946d5a",
    "DeviceMake": "solaredge",
    "plant_id": "LIFELINK-P-1009",
    "plant_name": "My Plant26",
    "latitude": 15.3417,
    "longitude": 75.184,
    "capacity": 23,
    "capacity_unit": "Kwp",
    "plant_category": "Hybrid",
    "make": "solaredge",
    "model": "2081598",
    "serial_number": "7E13A7F5-2D",
    "system_date_time": "2025-01-13T12:33:02.000Z",
    "api_url": "https://monitoringapi.solaredge.com/equipment/",
    "api_key": "58G0DE59GK1XD9AHGBPWDU4SOF06VFM2"
  },
  "responseData": {
    "data": {
      "count": 0,
      "telemetries": []
    }
  }
}
2025-01-13T18:54:12.503Z	L2	Mon4	database	success	Inserted document with _id: 67856154aa9770499ee3ac1c
